<?xml version="1.0" encoding="UTF-8"?>
<!-- Generated by org.testng.reporters.JUnitReportReporter -->
<testsuite hostname="DESKTOP-H5BE4LR" failures="0" tests="2" name="com.Mystore.testcases.LoginLPageTest" time="94.969" errors="0" timestamp="2022-07-21T18:01:29 IST" skipped="0">
  <testcase classname="com.Mystore.testcases.LoginLPageTest" name="CrateAccount" time="43.286"/>
  <system-out/>
  <testcase classname="com.Mystore.testcases.LoginLPageTest" name="login" time="51.683"/>
  <system-out/>
</testsuite> <!-- com.Mystore.testcases.LoginLPageTest -->
