<?xml version="1.0" encoding="UTF-8"?>
<!-- Generated by org.testng.reporters.JUnitReportReporter -->
<testsuite hostname="DESKTOP-H5BE4LR" failures="0" tests="1" name="com.Mystore.testcases.endtoendTestPage" time="38.144" errors="0" timestamp="2022-07-28T15:56:14 IST" skipped="0">
  <testcase classname="com.Mystore.testcases.endtoendTestPage" name="compltetest" time="38.144"/>
  <system-out/>
</testsuite> <!-- com.Mystore.testcases.endtoendTestPage -->
