<?xml version="1.0" encoding="UTF-8"?>
<!-- Generated by org.testng.reporters.JUnitReportReporter -->
<testsuite hostname="DESKTOP-H5BE4LR" failures="0" tests="1" name="com.Mystore.testcases.HomePageTest" time="42.246" errors="0" timestamp="2022-07-21T18:12:23 IST" skipped="0">
  <testcase classname="com.Mystore.testcases.HomePageTest" name="Verifylists" time="42.246"/>
  <system-out/>
</testsuite> <!-- com.Mystore.testcases.HomePageTest -->
