<?xml version="1.0" encoding="UTF-8"?>
<!-- Generated by org.testng.reporters.JUnitReportReporter -->
<testsuite hostname="DESKTOP-H5BE4LR" failures="0" tests="2" name="com.Mystore.testcases.IndexPageTest" time="34.715" errors="0" timestamp="2022-07-21T17:47:35 IST" skipped="0">
  <testcase classname="com.Mystore.testcases.IndexPageTest" name="VerifyTitle" time="15.996"/>
  <system-out/>
  <testcase classname="com.Mystore.testcases.IndexPageTest" name="VerifyLog" time="18.719"/>
  <system-out/>
</testsuite> <!-- com.Mystore.testcases.IndexPageTest -->
