<?xml version="1.0" encoding="UTF-8"?>
<!-- Generated by org.testng.reporters.JUnitReportReporter -->
<testsuite hostname="DESKTOP-H5BE4LR" failures="0" tests="2" name="com.Mystore.testcases.IndexPageTest" time="27.646" errors="0" timestamp="2022-07-28T15:10:43 IST" skipped="0">
  <testcase classname="com.Mystore.testcases.IndexPageTest" name="VerifyLog" time="15.658"/>
  <system-out/>
  <testcase classname="com.Mystore.testcases.IndexPageTest" name="VerifyTitle" time="11.988"/>
  <system-out/>
</testsuite> <!-- com.Mystore.testcases.IndexPageTest -->
