<?xml version="1.0" encoding="UTF-8"?>
<!-- Generated by org.testng.reporters.JUnitReportReporter -->
<testsuite hostname="DESKTOP-H5BE4LR" failures="0" tests="1" name="com.Mystore.testcases.HomePageTest" time="39.906" errors="0" timestamp="2022-07-28T15:10:43 IST" skipped="0">
  <testcase classname="com.Mystore.testcases.HomePageTest" name="Verifylists" time="39.906"/>
  <system-out/>
</testsuite> <!-- com.Mystore.testcases.HomePageTest -->
