<?xml version="1.0" encoding="UTF-8"?>
<!-- Generated by org.testng.reporters.JUnitReportReporter -->
<testsuite hostname="DESKTOP-H5BE4LR" failures="0" tests="2" name="com.Mystore.testcases.LoginLPageTest" time="38.606" errors="0" timestamp="2022-07-28T15:10:43 IST" skipped="0">
  <testcase classname="com.Mystore.testcases.LoginLPageTest" name="CrateAccount" time="16.785"/>
  <system-out/>
  <testcase classname="com.Mystore.testcases.LoginLPageTest" name="login" time="21.821"/>
  <system-out/>
</testsuite> <!-- com.Mystore.testcases.LoginLPageTest -->
