<?xml version="1.0" encoding="UTF-8"?>
<!-- Generated by org.testng.reporters.JUnitReportReporter -->
<testsuite hostname="DESKTOP-H5BE4LR" failures="0" tests="2" name="com.Mystore.testcases.LoginLPageTest" time="66.324" errors="0" timestamp="2022-07-28T16:17:50 IST" skipped="0">
  <testcase classname="com.Mystore.testcases.LoginLPageTest" name="CrateAccount" time="23.858"/>
  <system-out/>
  <testcase classname="com.Mystore.testcases.LoginLPageTest" name="login" time="42.466"/>
  <system-out/>
</testsuite> <!-- com.Mystore.testcases.LoginLPageTest -->
