<?xml version="1.0" encoding="UTF-8"?>
<!-- Generated by org.testng.reporters.JUnitReportReporter -->
<testsuite hostname="DESKTOP-H5BE4LR" failures="0" tests="2" name="com.Mystore.testcases.IndexPageTest" time="29.066" errors="0" timestamp="2022-07-22T12:07:03 IST" skipped="0">
  <testcase classname="com.Mystore.testcases.IndexPageTest" name="VerifyTitle" time="12.326"/>
  <system-out/>
  <testcase classname="com.Mystore.testcases.IndexPageTest" name="VerifyLog" time="16.740"/>
  <system-out/>
</testsuite> <!-- com.Mystore.testcases.IndexPageTest -->
